76398 read(3, "\177ELF\2\1\1\0\0\0\0\0\0\0\0\0\3\0>\0\1\0\0\0\360\23\0\0\0\0\0\0"..., 832) = 832
76398 read(3, "\177ELF\2\1\1\3\0\0\0\0\0\0\0\0\3\0>\0\1\0\0\0`|\2\0\0\0\0\0"..., 832) = 832
76398 read(3, "# Locale name alias data base.\n#"..., 4096) = 2998
76398 read(3, "", 4096)                 = 0
76398 write(1, "Script started, output log file "..., 74) = 74
76398 read(7, "TZif2\0\0\0\0\0\0\0\0\0\0\0\0\0\0\0\0\0\0\v\0\0\0\v\0\0\0\0"..., 4096) = 2654
76398 read(7, "TZif2\0\0\0\0\0\0\0\0\0\0\0\0\0\0\0\0\0\0\v\0\0\0\v\0\0\0\0"..., 4096) = 1671
76399 read(3, "\177ELF\2\1\1\0\0\0\0\0\0\0\0\0\3\0>\0\1\0\0\0\0i\0\0\0\0\0\0"..., 832) = 832
76399 read(3, "\177ELF\2\1\1\0\0\0\0\0\0\0\0\0\3\0>\0\1\0\0\0000\"\0\0\0\0\0\0"..., 832) = 832
76399 read(3, "\177ELF\2\1\1\0\0\0\0\0\0\0\0\0\3\0>\0\1\0\0\0 p\1\0\0\0\0\0"..., 832) = 832
76399 read(3, "\177ELF\2\1\1\3\0\0\0\0\0\0\0\0\3\0>\0\1\0\0\0\260\363\0\0\0\0\0\0"..., 832) = 832
76399 read(3, "\177ELF\2\1\1\3\0\0\0\0\0\0\0\0\3\0>\0\1\0\0\0`|\2\0\0\0\0\0"..., 832) = 832
76399 read(11, "# Name Service Switch configurat"..., 4096) = 328
76399 read(11, "", 4096)                = 0
76399 read(11, "\177ELF\2\1\1\0\0\0\0\0\0\0\0\0\3\0>\0\1\0\0\0P5\0\0\0\0\0\0"..., 832) = 832
76399 read(11, "root:x:0:0::/root:/bin/bash\nbin:"..., 4096) = 1257
76399 read(11, "# GNU libc iconv configuration.\n"..., 4096) = 4096
76399 read(11, "B1002//\tJUS_I.B1.002//\nmodule\tJU"..., 4096) = 4096
76399 read(11, "\tISO-IR-110//\t\tISO-8859-4//\nalia"..., 4096) = 4096
76399 read(11, "\t\t\tISO-8859-14//\nalias\tISO_8859-"..., 4096) = 4096
76399 read(11, "DIC-ES//\nalias\tEBCDICES//\t\tEBCDI"..., 4096) = 4096
76399 read(11, "CDIC-CP-ES//\t\tIBM284//\nalias\tCSI"..., 4096) = 4096
76399 read(11, "\t\tIBM863//\nalias\tOSF1002035F//\t\t"..., 4096) = 4096
76399 read(11, "937//\t\tIBM937//\nmodule\tIBM937//\t"..., 4096) = 4096
76399 read(11, "UJIS//\t\t\tEUC-JP//\nmodule\tEUC-JP/"..., 4096) = 4096
76399 read(11, "lias\tISO2022CN//\t\tISO-2022-CN//\n"..., 4096) = 4096
76399 read(11, "O_5427-EXT//\nalias\tISO_5427EXT//"..., 4096) = 4096
76399 read(11, "ost\nmodule\tMAC-SAMI//\t\tINTERNAL\t"..., 4096) = 4096
76399 read(11, "112//\t\tINTERNAL\t\tIBM1112\t\t1\nmodu"..., 4096) = 4096
76399 read(11, "s\tCP9448//\t\tIBM9448//\nalias\tCSIB"..., 4096) = 3105
76399 read(11, "", 4096)                = 0
76399 read(11, "1000", 12)              = 4
76399 read(11, "root:x:0:0::/root:/bin/bash\nbin:"..., 4096) = 1257
76399 read(3, "\177ELF\2\1\1\0\0\0\0\0\0\0\0\0\3\0>\0\1\0\0\0 \220\0\0\0\0\0\0"..., 832) = 832
76399 read(3, "\177ELF\2\1\1\3\0\0\0\0\0\0\0\0\3\0>\0\1\0\0\0`|\2\0\0\0\0\0"..., 832) = 832
76399 read(3, "\177ELF\2\1\1\0\0\0\0\0\0\0\0\0\3\0>\0\1\0\0\0 p\1\0\0\0\0\0"..., 832) = 832
76399 write(2, "$ ", 2)                 = 2
76399 read(0,  <unfinished ...>
76398 read(3, "$ ", 8192)               = 2
76398 write(1, "$ ", 2)                 = 2
76398 read(0, "s", 8192)                = 1
76398 write(3, "s", 1)                  = 1
76398 read(3, "s", 8192)                = 1
76398 write(1, "s", 1)                  = 1
76398 read(0, "t", 8192)                = 1
76398 write(3, "t", 1)                  = 1
76398 read(3, "t", 8192)                = 1
76398 write(1, "t", 1)                  = 1
76398 read(0, "t", 8192)                = 1
76398 write(3, "t", 1)                  = 1
76398 read(3, "t", 8192)                = 1
76398 write(1, "t", 1)                  = 1
76398 read(0, "y", 8192)                = 1
76398 write(3, "y", 1)                  = 1
76398 read(3, "y", 8192)                = 1
76398 write(1, "y", 1)                  = 1
76398 read(0, " ", 8192)                = 1
76398 write(3, " ", 1)                  = 1
76398 read(3, " ", 8192)                = 1
76398 write(1, " ", 1)                  = 1
76398 read(0, "-", 8192)                = 1
76398 write(3, "-", 1)                  = 1
76398 read(3, "-", 8192)                = 1
76398 write(1, "-", 1)                  = 1
76398 read(0, "a", 8192)                = 1
76398 write(3, "a", 1)                  = 1
76398 read(3, "a", 8192)                = 1
76398 write(1, "a", 1)                  = 1
76398 read(0, "\r", 8192)               = 1
76398 write(3, "\r", 1)                 = 1
76399 <... read resumed>"stty -a\n", 8192) = 8
76398 read(3, "\r\n", 8192)             = 2
76398 write(1, "\r\n", 2)               = 2
76419 read(3, "\177ELF\2\1\1\3\0\0\0\0\0\0\0\0\3\0>\0\1\0\0\0`|\2\0\0\0\0\0"..., 832) = 832
76419 read(3, "# Locale name alias data base.\n#"..., 4096) = 2998
76419 read(3, "", 4096)                 = 0
76419 write(1, "speed 38400 baud; rows 69; colum"..., 50) = 50
76419 write(1, "intr = ^C; quit = ^\\; erase = ^?"..., 115) = 115
76419 write(1, "stop = ^S; susp = ^Z; rprnt = ^R"..., 92 <unfinished ...>
76398 read(3,  <unfinished ...>
76419 <... write resumed>)              = 92
76398 <... read resumed>"speed 38400 baud; rows 69; colum"..., 8192) = 260
76419 write(1, "-parenb -parodd -cmspar cs8 -hup"..., 66) = 66
76398 write(1, "speed 38400 baud; rows 69; colum"..., 260 <unfinished ...>
76419 write(1, "-ignbrk brkint ignpar -parmrk -i"..., 105 <unfinished ...>
76398 <... write resumed>)              = 260
76419 <... write resumed>)              = 105
76419 write(1, "opost -olcuc -ocrnl onlcr -onocr"..., 80) = 80
76398 read(3, "-parenb -parodd -cmspar cs8 -hup"..., 8192) = 254
76419 write(1, "isig icanon iexten echo echoe ec"..., 108) = 108
76398 write(1, "-parenb -parodd -cmspar cs8 -hup"..., 254) = 254
76398 read(3, "isig icanon iexten echo echoe ec"..., 8192) = 109
76398 write(1, "isig icanon iexten echo echoe ec"..., 109) = 109
76419 +++ exited with 0 +++
76399 --- SIGCHLD {si_signo=SIGCHLD, si_code=CLD_EXITED, si_pid=76419, si_uid=1000, si_status=0, si_utime=0, si_stime=0} ---
76399 write(2, "$ ", 2)                 = 2
76399 read(0,  <unfinished ...>
76398 read(3, "$ ", 8192)               = 2
76398 write(1, "$ ", 2)                 = 2
76398 read(0, "\33[A", 8192)            = 3
76398 write(3, "\33[A", 3)              = 3
76398 read(3, "^[[A", 8192)             = 4
76398 write(1, "^[[A", 4)               = 4
76398 read(0, " ", 8192)                = 1
76398 write(3, " ", 1)                  = 1
76398 read(3, " ", 8192)                = 1
76398 write(1, " ", 1)                  = 1
76398 read(0, "|", 8192)                = 1
76398 write(3, "|", 1)                  = 1
76398 read(3, "|", 8192)                = 1
76398 write(1, "|", 1)                  = 1
76398 read(0, " ", 8192)                = 1
76398 write(3, " ", 1)                  = 1
76398 read(3, " ", 8192)                = 1
76398 write(1, " ", 1)                  = 1
76398 read(0, "\177", 8192)             = 1
76398 write(3, "\177", 1)               = 1
76398 read(3, "\10 \10", 8192)          = 3
76398 write(1, "\10 \10", 3)            = 3
76398 read(0, "\177", 8192)             = 1
76398 write(3, "\177", 1)               = 1
76398 read(3, "\10 \10", 8192)          = 3
76398 write(1, "\10 \10", 3)            = 3
76398 read(0, "\177", 8192)             = 1
76398 write(3, "\177", 1)               = 1
76398 read(3, "\10 \10", 8192)          = 3
76398 write(1, "\10 \10", 3)            = 3
76398 read(0, "\177", 8192)             = 1
76398 write(3, "\177", 1)               = 1
76398 read(3, "\10 \10", 8192)          = 3
76398 write(1, "\10 \10", 3)            = 3
76398 read(0, "\177", 8192)             = 1
76398 write(3, "\177", 1)               = 1
76398 read(3, "\10 \10", 8192)          = 3
76398 write(1, "\10 \10", 3)            = 3
76398 read(0, "\177", 8192)             = 1
76398 write(3, "\177", 1)               = 1
76398 read(3, "\10 \10\10 \10", 8192)   = 6
76398 write(1, "\10 \10\10 \10", 6)     = 6
76398 read(0, "\177", 8192)             = 1
76398 write(3, "\177", 1)               = 1
76398 read(0, "\177", 8192)             = 1
76398 write(3, "\177", 1)               = 1
76398 read(0, "\177", 8192)             = 1
76398 write(3, "\177", 1)               = 1
76398 read(0, "\177", 8192)             = 1
76398 write(3, "\177", 1)               = 1
76398 read(0, "s", 8192)                = 1
76398 write(3, "s", 1)                  = 1
76398 read(3, "s", 8192)                = 1
76398 write(1, "s", 1)                  = 1
76398 read(0, "t", 8192)                = 1
76398 write(3, "t", 1)                  = 1
76398 read(3, "t", 8192)                = 1
76398 write(1, "t", 1)                  = 1
76398 read(0, "t", 8192)                = 1
76398 write(3, "t", 1)                  = 1
76398 read(3, "t", 8192)                = 1
76398 write(1, "t", 1)                  = 1
76398 read(0, "y", 8192)                = 1
76398 write(3, "y", 1)                  = 1
76398 read(3, "y", 8192)                = 1
76398 write(1, "y", 1)                  = 1
76398 read(0, " ", 8192)                = 1
76398 write(3, " ", 1)                  = 1
76398 read(3, " ", 8192)                = 1
76398 write(1, " ", 1)                  = 1
76398 read(0, "-", 8192)                = 1
76398 write(3, "-", 1)                  = 1
76398 read(3, "-", 8192)                = 1
76398 write(1, "-", 1)                  = 1
76398 read(0, "a", 8192)                = 1
76398 write(3, "a", 1)                  = 1
76398 read(3, "a", 8192)                = 1
76398 write(1, "a", 1)                  = 1
76398 read(0, " ", 8192)                = 1
76398 write(3, " ", 1)                  = 1
76398 read(3, " ", 8192)                = 1
76398 write(1, " ", 1)                  = 1
76398 read(0, "|", 8192)                = 1
76398 write(3, "|", 1)                  = 1
76398 read(3, "|", 8192)                = 1
76398 write(1, "|", 1)                  = 1
76398 read(0, " ", 8192)                = 1
76398 write(3, " ", 1)                  = 1
76398 read(3, " ", 8192)                = 1
76398 write(1, " ", 1)                  = 1
76398 read(0, "l", 8192)                = 1
76398 write(3, "l", 1)                  = 1
76398 read(3, "l", 8192)                = 1
76398 write(1, "l", 1)                  = 1
76398 read(0, "e", 8192)                = 1
76398 write(3, "e", 1)                  = 1
76398 read(3, "e", 8192)                = 1
76398 write(1, "e", 1)                  = 1
76398 read(0, "s", 8192)                = 1
76398 write(3, "s", 1)                  = 1
76398 read(3, "s", 8192)                = 1
76398 write(1, "s", 1)                  = 1
76398 read(0, "s", 8192)                = 1
76398 write(3, "s", 1)                  = 1
76398 read(3, "s", 8192)                = 1
76398 write(1, "s", 1)                  = 1
76398 read(0, " ", 8192)                = 1
76398 write(3, " ", 1)                  = 1
76398 read(3, " ", 8192)                = 1
76398 write(1, " ", 1)                  = 1
76398 read(0, "\r", 8192)               = 1
76398 write(3, "\r", 1)                 = 1
76399 <... read resumed>"stty -a | less \n", 8192) = 16
76398 read(3, "\r\n", 8192)             = 2
76398 write(1, "\r\n", 2)               = 2
76486 read(3, "\177ELF\2\1\1\3\0\0\0\0\0\0\0\0\3\0>\0\1\0\0\0`|\2\0\0\0\0\0"..., 832) = 832
76487 read(3, "\177ELF\2\1\1\0\0\0\0\0\0\0\0\0\3\0>\0\1\0\0\0 p\1\0\0\0\0\0"..., 832) = 832
76487 read(3, "\177ELF\2\1\1\0\0\0\0\0\0\0\0\0\3\0>\0\1\0\0\0 0\0\0\0\0\0\0"..., 832) = 832
76487 read(3, "\177ELF\2\1\1\3\0\0\0\0\0\0\0\0\3\0>\0\1\0\0\0`|\2\0\0\0\0\0"..., 832) = 832
76486 read(3, "# Locale name alias data base.\n#"..., 4096) = 2998
76486 read(3, "", 4096)                 = 0
76487 read(3, "\177ELF\2\1\1\0\0\0\0\0\0\0\0\0\3\0>\0\1\0\0\0\300\200\0\0\0\0\0\0"..., 832) = 832
76486 write(1, "speed 38400 baud; rows 69; colum"..., 616) = 616
76486 +++ exited with 0 +++
76399 --- SIGCHLD {si_signo=SIGCHLD, si_code=CLD_EXITED, si_pid=76486, si_uid=1000, si_status=0, si_utime=0, si_stime=0} ---
76487 read(3, "\32\1N\0\35\0\37\0p\1)\5rxvt-unicode-256colo"..., 32768) = 2239
76487 read(3, "", 28672)                = 0
76487 read(3, ".less-history-file:\n.search\n\"EIN"..., 4096) = 726
76487 read(3, "", 4096)                 = 0
76487 write(1, "\33[?1049h\33=\r", 11)  = 11
76487 read(0, "speed 38400 baud; rows 69; colum"..., 8192) = 616
76398 read(3, "\33[?1049h\33=\r", 8192) = 11
76398 write(1, "\33[?1049h\33=\r", 11)  = 11
76487 write(1, "speed 38400 baud; rows 69; colum"..., 646) = 646
76487 read(0, "", 7576)                 = 0
76398 read(3, "speed 38400 baud; rows 69; colum"..., 8192) = 656
76487 write(1, "\33[7m(END)\33[27m\33[K", 17) = 17
76398 write(1, "speed 38400 baud; rows 69; colum"..., 656 <unfinished ...>
76487 read(3,  <unfinished ...>
76398 <... write resumed>)              = 656
76398 read(3, "\33[7m(END)\33[27m\33[K", 8192) = 17
76398 write(1, "\33[7m(END)\33[27m\33[K", 17) = 17
76398 read(0, "/", 8192)                = 1
76398 write(3, "/", 1)                  = 1
76487 <... read resumed>"/", 1)         = 1
76487 write(1, "\r\33[K/", 5)           = 5
76398 read(3,  <unfinished ...>
76487 read(3,  <unfinished ...>
76398 <... read resumed>"\r\33[K/", 8192) = 5
76398 write(1, "\r\33[K/", 5)           = 5
76398 read(0, "i", 8192)                = 1
76398 write(3, "i", 1)                  = 1
76487 <... read resumed>"i", 1)         = 1
76487 write(1, "\33[Ki\10i", 6)         = 6
76487 read(3,  <unfinished ...>
76398 read(3, "\33[Ki\10i", 8192)       = 6
76398 write(1, "\33[Ki\10i", 6)         = 6
76398 read(0, "c", 8192)                = 1
76398 write(3, "c", 1)                  = 1
76487 <... read resumed>"c", 1)         = 1
76487 write(1, "\33[Kc\10c", 6)         = 6
76487 read(3,  <unfinished ...>
76398 read(3, "\33[Kc\10c", 8192)       = 6
76398 write(1, "\33[Kc\10c", 6)         = 6
76398 read(0, "r", 8192)                = 1
76398 write(3, "r", 1)                  = 1
76487 <... read resumed>"r", 1)         = 1
76487 write(1, "\33[Kr\10r", 6)         = 6
76487 read(3,  <unfinished ...>
76398 read(3, "\33[Kr\10r", 8192)       = 6
76398 write(1, "\33[Kr\10r", 6)         = 6
76398 read(0, "n", 8192)                = 1
76398 write(3, "n", 1)                  = 1
76487 <... read resumed>"n", 1)         = 1
76487 write(1, "\33[Kn\10n", 6)         = 6
76398 read(3,  <unfinished ...>
76487 read(3,  <unfinished ...>
76398 <... read resumed>"\33[Kn\10n", 8192) = 6
76398 write(1, "\33[Kn\10n", 6)         = 6
76398 read(0, "l", 8192)                = 1
76398 write(3, "l", 1)                  = 1
76487 <... read resumed>"l", 1)         = 1
76487 write(1, "\33[Kl\10l", 6)         = 6
76398 read(3,  <unfinished ...>
76487 read(3,  <unfinished ...>
76398 <... read resumed>"\33[Kl\10l", 8192) = 6
76398 write(1, "\33[Kl\10l", 6)         = 6
76398 read(0, "\r", 8192)               = 1
76398 write(3, "\r", 1)                 = 1
76487 <... read resumed>"\n", 1)        = 1
76487 write(1, "\r\33[K", 4)            = 4
76398 read(3, "\r\33[K", 8192)          = 4
76398 write(1, "\r\33[K", 4)            = 4
76487 write(1, "...skipping...\nspeed 38400 baud;"..., 1023) = 1023
76398 read(3, "...skipping...\r\nspeed 38400 baud"..., 8192) = 1073
76398 write(1, "...skipping...\r\nspeed 38400 baud"..., 1073) = 1073
76487 write(1, "1m~\33[m\n\33[1m~\33[m\n\33[1m~\33[m\n\33[1m~\33["..., 1023) = 1023
76398 read(3, "1m~\33[m\r\n\33[1m~\33[m\r\n\33[1m~\33[m\r\n\33[1m"..., 8192) = 1054
76398 write(1, "1m~\33[m\r\n\33[1m~\33[m\r\n\33[1m~\33[m\r\n\33[1m"..., 1054 <unfinished ...>
76487 write(1, "= <undef>;\33[m\n\33[3;1Heol2 = <unde"..., 677 <unfinished ...>
76398 <... write resumed>)              = 1054
76487 <... write resumed>)              = 677
76487 read(3,  <unfinished ...>
76398 read(3, "= <undef>;\33[m\r\n\33[3;1Heol2 = <und"..., 8192) = 692
76398 write(1, "= <undef>;\33[m\r\n\33[3;1Heol2 = <und"..., 692) = 692
76398 write(6, "Script started on 2021-11-02 21:"..., 4096) = 4096
76398 read(0, "/", 8192)                = 1
76398 write(3, "/", 1)                  = 1
76487 <... read resumed>"/", 1)         = 1
76487 write(1, "\r\33[K/", 5)           = 5
76487 read(3,  <unfinished ...>
76398 read(3, "\r\33[K/", 8192)         = 5
76398 write(1, "\r\33[K/", 5)           = 5
76398 read(0, "o", 8192)                = 1
76398 write(3, "o", 1)                  = 1
76487 <... read resumed>"o", 1)         = 1
76487 write(1, "\33[Ko\10o", 6)         = 6
76487 read(3,  <unfinished ...>
76398 read(3, "\33[Ko\10o", 8192)       = 6
76398 write(1, "\33[Ko\10o", 6)         = 6
76398 read(0, "n", 8192)                = 1
76398 write(3, "n", 1)                  = 1
76487 <... read resumed>"n", 1)         = 1
76487 write(1, "\33[Kn\10n", 6)         = 6
76487 read(3,  <unfinished ...>
76398 read(3, "\33[Kn\10n", 8192)       = 6
76398 write(1, "\33[Kn\10n", 6)         = 6
76398 read(0, "l", 8192)                = 1
76398 write(3, "l", 1)                  = 1
76487 <... read resumed>"l", 1)         = 1
76487 write(1, "\33[Kl\10l", 6)         = 6
76487 read(3,  <unfinished ...>
76398 read(3, "\33[Kl\10l", 8192)       = 6
76398 write(1, "\33[Kl\10l", 6)         = 6
76398 read(0, "c", 8192)                = 1
76398 write(3, "c", 1)                  = 1
76487 <... read resumed>"c", 1)         = 1
76487 write(1, "\33[Kc\10c", 6)         = 6
76487 read(3,  <unfinished ...>
76398 read(3, "\33[Kc\10c", 8192)       = 6
76398 write(1, "\33[Kc\10c", 6)         = 6
76398 read(0, "r", 8192)                = 1
76398 write(3, "r", 1)                  = 1
76487 <... read resumed>"r", 1)         = 1
76487 write(1, "\33[Kr\10r", 6)         = 6
76487 read(3,  <unfinished ...>
76398 read(3, "\33[Kr\10r", 8192)       = 6
76398 write(1, "\33[Kr\10r", 6)         = 6
76398 read(0, "\r", 8192)               = 1
76398 write(3, "\r", 1)                 = 1
76487 <... read resumed>"\n", 1)        = 1
76487 write(1, "\r\33[K", 4)            = 4
76398 read(3, "\r\33[K", 8192)          = 4
76487 write(1, "\33[1;1H-ignbrk brkint ignpar -par"..., 764) = 764
76398 write(1, "\r\33[K", 4 <unfinished ...>
76487 read(3,  <unfinished ...>
76398 <... write resumed>)              = 4
76398 read(3, "\33[1;1H-ignbrk brkint ignpar -par"..., 8192) = 778
76398 write(1, "\33[1;1H-ignbrk brkint ignpar -par"..., 778) = 778
76398 read(0, "q", 8192)                = 1
76398 write(3, "q", 1)                  = 1
76487 <... read resumed>"q", 1)         = 1
76487 read(5, ".less-history-file:\n.search\n\"EIN"..., 4096) = 726
76487 read(5, "", 4096)                 = 0
76487 write(4, ".less-history-file:\n.search\n\"EIN"..., 728) = 728
76487 write(1, "\r\33[K\33>\33[r\33[?1049l", 17) = 17
76398 read(3, "\r\33[K\33>\33[r\33[?1049l", 8192) = 17
76398 write(1, "\r\33[K\33>\33[r\33[?1049l", 17) = 17
76487 +++ exited with 0 +++
76399 --- SIGCHLD {si_signo=SIGCHLD, si_code=CLD_EXITED, si_pid=76487, si_uid=1000, si_status=0, si_utime=0, si_stime=0} ---
76399 write(2, "$ ", 2)                 = 2
76399 read(0,  <unfinished ...>
76398 read(3, "$ ", 8192)               = 2
76398 write(1, "$ ", 2)                 = 2
76398 read(0, "\r", 8192)               = 1
76398 write(3, "\r", 1)                 = 1
76399 <... read resumed>"\n", 8192)     = 1
76398 read(3, "\r\n", 8192)             = 2
76398 write(1, "\r\n", 2)               = 2
76399 write(2, "$ ", 2)                 = 2
76399 read(0,  <unfinished ...>
76398 read(3, "$ ", 8192)               = 2
76398 write(1, "$ ", 2)                 = 2
76398 read(0, "\r", 8192)               = 1
76398 write(3, "\r", 1)                 = 1
76399 <... read resumed>"\n", 8192)     = 1
76398 read(3, "\r\n", 8192)             = 2
76398 write(1, "\r\n", 2)               = 2
76399 write(2, "$ ", 2)                 = 2
76399 read(0,  <unfinished ...>
76398 read(3, "$ ", 8192)               = 2
76398 write(1, "$ ", 2)                 = 2
76398 read(0, "e", 8192)                = 1
76398 write(3, "e", 1)                  = 1
76398 read(3, "e", 8192)                = 1
76398 write(1, "e", 1)                  = 1
76398 read(0, "x", 8192)                = 1
76398 write(3, "x", 1)                  = 1
76398 read(3, "x", 8192)                = 1
76398 write(1, "x", 1)                  = 1
76398 read(0, "i", 8192)                = 1
76398 write(3, "i", 1)                  = 1
76398 read(3, "i", 8192)                = 1
76398 write(1, "i", 1)                  = 1
76398 read(0, "t", 8192)                = 1
76398 write(3, "t", 1)                  = 1
76398 read(3, "t", 8192)                = 1
76398 write(1, "t", 1)                  = 1
76398 read(0, " ", 8192)                = 1
76398 write(3, " ", 1)                  = 1
76398 read(3, " ", 8192)                = 1
76398 write(1, " ", 1)                  = 1
76398 read(0, "4", 8192)                = 1
76398 write(3, "4", 1)                  = 1
76398 read(3, "4", 8192)                = 1
76398 write(1, "4", 1)                  = 1
76398 read(0, "2", 8192)                = 1
76398 write(3, "2", 1)                  = 1
76398 read(3, "2", 8192)                = 1
76398 write(1, "2", 1)                  = 1
76398 read(0, "\r", 8192)               = 1
76398 write(3, "\r", 1)                 = 1
76399 <... read resumed>"exit 42\n", 8192) = 8
76398 read(3, "\r\n", 8192)             = 2
76398 write(1, "\r\n", 2)               = 2
76399 +++ exited with 42 +++
76398 read(5, "\21\0\0\0\0\0\0\0\1\0\0\0o*\1\0\350\3\0\0\0\0\0\0\0\0\0\0\0\0\0\0"..., 128) = 128
76398 write(6, "r0 tab0 bs0 vt0 ff0\33[m\r\n\33[9;1His"..., 1164) = 1164
76398 write(7, "0.017664 2\n1.662435 1\n0.316199 1"..., 835) = 835
76398 write(1, "Script done.\n", 13)    = 13
76398 +++ exited with 0 +++
